+---------------+------------------+-----------+
|Genre          |AvgGenreRating    |NumOfMovies|
+---------------+------------------+-----------+
|Action         |3.15853292945107  |1175       |
|Adventure      |3.16870906252558  |707        |
|Animation      |3.1758854560200165|223        |
|Comedy         |3.1370494677399527|2113       |
|Crime          |3.1625839378882326|907        |
|Documentary    |3.0742356093239844|503        |
|Drama          |3.1391216242914486|3724       |
|Family         |3.156905491920284 |386        |
|Fantasy        |3.1429135219007027|463        |
|Foreign        |3.113985834407914 |271        |
|History        |3.118791045849541 |306        |
|Horror         |3.134020262392473 |723        |
|Music          |3.1890477821347676|248        |
|Mystery        |3.1487693926555482|475        |
|Romance        |3.156277701839363 |1206       |
|Science Fiction|3.157163683913988 |593        |
|TV Movie       |3.148118069220997 |87         |
|Thriller       |3.1482817481660925|1427       |
|War            |3.114663382606141 |231        |
|Western        |3.2140607181871017|185        |
+---------------+------------------+-----------+

Time: 78.03952503204346
-------------------------------------
