+---------------+------------------+-----------+
|Genre          |AvgGenreRating    |NumOfMovies|
+---------------+------------------+-----------+
|Action         |3.158532929451069 |1175       |
|Adventure      |3.1687090625255823|707        |
|Animation      |3.1758854560200125|223        |
|Comedy         |3.137049467739954 |2113       |
|Crime          |3.1625839378882312|907        |
|Documentary    |3.0742356093239853|503        |
|Drama          |3.1391216242914526|3724       |
|Family         |3.1569054919202824|386        |
|Fantasy        |3.142913521900702 |463        |
|Foreign        |3.113985834407914 |271        |
|History        |3.11879104584954  |306        |
|Horror         |3.1340202623924744|723        |
|Music          |3.189047782134766 |248        |
|Mystery        |3.1487693926555496|475        |
|Romance        |3.1562777018393615|1206       |
|Science Fiction|3.1571636839139874|593        |
|TV Movie       |3.1481180692209985|87         |
|Thriller       |3.1482817481660925|1427       |
|War            |3.1146633826061416|231        |
|Western        |3.214060718187103 |185        |
+---------------+------------------+-----------+

Time: 32.38075351715088
-------------------------------------
