('Romance', (3.1562777018393633, 1206))
('Western', (3.2140607181871013, 185))
('Crime', (3.1625839378882317, 907))
('Drama', (3.139121624291451, 3724))
('Action', (3.1585329294510713, 1175))
('Music', (3.1890477821347676, 248))
('Horror', (3.1340202623924758, 723))
('Comedy', (3.137049467739954, 2113))
('TV Movie', (3.148118069220997, 87))
('Science Fiction', (3.1571636839139874, 593))
('Animation', (3.175885456020015, 223))
('Adventure', (3.1687090625255814, 707))
('Thriller', (3.1482817481660916, 1427))
('History', (3.118791045849541, 306))
('Family', (3.1569054919202837, 386))
('Mystery', (3.148769392655548, 475))
('Fantasy', (3.142913521900702, 463))
('Foreign', (3.1139858344079148, 271))
('War', (3.114663382606141, 231))
('Documentary', (3.0742356093239853, 503))
-------------------------------------
Time: 51.7439284324646
-------------------------------------
